<?xml version="1.0" encoding="UTF-8"?>
<!-- Generated by org.testng.reporters.JUnitReportReporter -->
<testsuite hostname="LAPTOP-MSNTHAPB" failures="0" tests="1" name="day40.ExampleTestngTest" time="2.250" errors="0" timestamp="2024-07-13T16:01:32 ART" skipped="0">
  <testcase classname="day40.ExampleTestngTest" name="testMethod" time="2.250"/>
</testsuite> <!-- day40.ExampleTestngTest -->
