<?xml version="1.0" encoding="UTF-8"?>
<!-- Generated by org.testng.reporters.JUnitReportReporter -->
<testsuite hostname="LAPTOP-MSNTHAPB" failures="0" tests="2" name="day42.orangeHRMTTest" time="3.221" errors="0" timestamp="2024-07-23T15:09:57 ART" skipped="0">
  <testcase classname="day42.orangeHRMTTest" name="testCountAndPrintH2Tags" time="3.176"/>
  <testcase classname="day42.orangeHRMTTest" name="testImagePresence" time="0.045"/>
</testsuite> <!-- day42.orangeHRMTTest -->
