<?xml version="1.0" encoding="UTF-8"?>
<!-- Generated by org.testng.reporters.JUnitReportReporter -->
<testsuite hostname="LAPTOP-MSNTHAPB" failures="0" tests="2" name="day42.orangeHRMTTest" time="5.224" errors="0" timestamp="2024-07-14T15:42:45 ART" skipped="0">
  <testcase classname="day42.orangeHRMTTest" name="testCountAndPrintH2Tags" time="5.189"/>
  <testcase classname="day42.orangeHRMTTest" name="testImagePresence" time="0.035"/>
</testsuite> <!-- day42.orangeHRMTTest -->
