<?xml version="1.0" encoding="UTF-8"?>
<!-- Generated by org.testng.reporters.JUnitReportReporter -->
<testsuite hostname="LAPTOP-MSNTHAPB" failures="0" tests="3" name="day42.FirstTestCaseWtestNg" time="0.000" errors="0" timestamp="2024-07-14T15:42:45 ART" skipped="0">
  <testcase classname="day42.FirstTestCaseWtestNg" name="openApp" time="0.000"/>
  <testcase classname="day42.FirstTestCaseWtestNg" name="testH3" time="0.000"/>
  <testcase classname="day42.FirstTestCaseWtestNg" name="endTest" time="0.000"/>
</testsuite> <!-- day42.FirstTestCaseWtestNg -->
